<?xml version="1.0" encoding="UTF-8"?>
<testsuite name="krisschaaf.schuettieshome.SchuettiesHomeApplicationTests" tests="1" skipped="0" failures="0" errors="0" timestamp="2023-10-10T23:43:53" hostname="AirvonKistoffer.fritz.box" time="0.627">
  <properties/>
  <testcase name="contextLoads()" classname="krisschaaf.schuettieshome.SchuettiesHomeApplicationTests" time="0.627"/>
  <system-out><![CDATA[01:43:51.301 [Test worker] INFO org.springframework.test.context.support.AnnotationConfigContextLoaderUtils -- Could not detect default configuration classes for test class [krisschaaf.schuettieshome.SchuettiesHomeApplicationTests]: SchuettiesHomeApplicationTests does not declare any static, non-private, non-final, nested classes annotated with @Configuration.
01:43:51.363 [Test worker] INFO org.springframework.boot.test.context.SpringBootTestContextBootstrapper -- Found @SpringBootConfiguration krisschaaf.schuettieshome.SchuettiesHomeApplication for test class krisschaaf.schuettieshome.SchuettiesHomeApplicationTests

  .   ____          _            __ _ _
 /\\ / ___'_ __ _ _(_)_ __  __ _ \ \ \ \
( ( )\___ | '_ | '_| | '_ \/ _` | \ \ \ \
 \\/  ___)| |_)| | | | | || (_| |  ) ) ) )
  '  |____| .__|_| |_|_| |_\__, | / / / /
 =========|_|==============|___/=/_/_/_/
 :: Spring Boot ::                (v3.1.4)

2023-10-11T01:43:51.585+02:00  INFO 69177 --- [    Test worker] k.s.SchuettiesHomeApplicationTests       : Starting SchuettiesHomeApplicationTests using Java 21 with PID 69177 (started by krisschaaf in /Users/krisschaaf/IdeaProjects/schuetties-home/backend)
2023-10-11T01:43:51.586+02:00  INFO 69177 --- [    Test worker] k.s.SchuettiesHomeApplicationTests       : No active profile set, falling back to 1 default profile: "default"
2023-10-11T01:43:52.206+02:00  INFO 69177 --- [    Test worker] .s.d.r.c.RepositoryConfigurationDelegate : Bootstrapping Spring Data MongoDB repositories in DEFAULT mode.
2023-10-11T01:43:52.267+02:00  INFO 69177 --- [    Test worker] .s.d.r.c.RepositoryConfigurationDelegate : Finished Spring Data repository scanning in 54 ms. Found 4 MongoDB repository interfaces.
2023-10-11T01:43:52.551+02:00  INFO 69177 --- [    Test worker] org.mongodb.driver.client                : MongoClient with metadata {"driver": {"name": "mongo-java-driver|sync|spring-boot", "version": "4.9.1"}, "os": {"type": "Darwin", "name": "Mac OS X", "architecture": "aarch64", "version": "13.4.1"}, "platform": "Java/Oracle Corporation/21+35-2513"} created with settings MongoClientSettings{readPreference=primary, writeConcern=WriteConcern{w=null, wTimeout=null ms, journal=null}, retryWrites=true, retryReads=true, readConcern=ReadConcern{level=null}, credential=null, streamFactoryFactory=null, commandListeners=[], codecRegistry=ProvidersCodecRegistry{codecProviders=[ValueCodecProvider{}, BsonValueCodecProvider{}, DBRefCodecProvider{}, DBObjectCodecProvider{}, DocumentCodecProvider{}, CollectionCodecProvider{}, IterableCodecProvider{}, MapCodecProvider{}, GeoJsonCodecProvider{}, GridFSFileCodecProvider{}, Jsr310CodecProvider{}, JsonObjectCodecProvider{}, BsonCodecProvider{}, EnumCodecProvider{}, com.mongodb.client.model.mql.ExpressionCodecProvider@32f1fafe, com.mongodb.Jep395RecordCodecProvider@236eccd1]}, loggerSettings=LoggerSettings{maxDocumentLength=1000}, clusterSettings={hosts=[localhost:27017], srvServiceName=mongodb, mode=SINGLE, requiredClusterType=UNKNOWN, requiredReplicaSetName='null', serverSelector='null', clusterListeners='[]', serverSelectionTimeout='30000 ms', localThreshold='30000 ms'}, socketSettings=SocketSettings{connectTimeoutMS=10000, readTimeoutMS=0, receiveBufferSize=0, sendBufferSize=0}, heartbeatSocketSettings=SocketSettings{connectTimeoutMS=10000, readTimeoutMS=10000, receiveBufferSize=0, sendBufferSize=0}, connectionPoolSettings=ConnectionPoolSettings{maxSize=100, minSize=0, maxWaitTimeMS=120000, maxConnectionLifeTimeMS=0, maxConnectionIdleTimeMS=0, maintenanceInitialDelayMS=0, maintenanceFrequencyMS=60000, connectionPoolListeners=[], maxConnecting=2}, serverSettings=ServerSettings{heartbeatFrequencyMS=10000, minHeartbeatFrequencyMS=500, serverListeners='[]', serverMonitorListeners='[]'}, sslSettings=SslSettings{enabled=false, invalidHostNameAllowed=false, context=null}, applicationName='null', compressorList=[], uuidRepresentation=JAVA_LEGACY, serverApi=null, autoEncryptionSettings=null, contextProvider=null}
2023-10-11T01:43:52.569+02:00  INFO 69177 --- [localhost:27017] org.mongodb.driver.cluster               : Monitor thread successfully connected to server with description ServerDescription{address=localhost:27017, type=STANDALONE, state=CONNECTED, ok=true, minWireVersion=0, maxWireVersion=17, maxDocumentSize=16777216, logicalSessionTimeoutMinutes=30, roundTripTimeNanos=14082917}
2023-10-11T01:43:53.714+02:00  INFO 69177 --- [    Test worker] o.s.s.web.DefaultSecurityFilterChain     : Will secure any request with [org.springframework.security.web.session.DisableEncodeUrlFilter@35b3c1f6, org.springframework.security.web.context.request.async.WebAsyncManagerIntegrationFilter@495da9a7, org.springframework.security.web.context.SecurityContextHolderFilter@51e94b7d, org.springframework.security.web.header.HeaderWriterFilter@10a0d93a, org.springframework.web.filter.CorsFilter@2beee3e8, org.springframework.security.web.csrf.CsrfFilter@7ee64b53, org.springframework.security.web.authentication.logout.LogoutFilter@121cf6f4, org.springframework.security.oauth2.server.resource.web.authentication.BearerTokenAuthenticationFilter@4ec8d9b2, org.springframework.security.web.authentication.www.BasicAuthenticationFilter@7742a276, org.springframework.security.web.savedrequest.RequestCacheAwareFilter@3a4f8e8a, org.springframework.security.web.servletapi.SecurityContextHolderAwareRequestFilter@4468fda8, org.springframework.security.web.authentication.AnonymousAuthenticationFilter@732d078d, org.springframework.security.web.access.ExceptionTranslationFilter@2c2aab92, org.springframework.security.web.access.intercept.FilterSecurityInterceptor@2558f65c]
2023-10-11T01:43:53.850+02:00  INFO 69177 --- [    Test worker] o.s.b.a.w.s.WelcomePageHandlerMapping    : Adding welcome page: class path resource [static/index.html]
2023-10-11T01:43:53.944+02:00  INFO 69177 --- [    Test worker] k.s.SchuettiesHomeApplicationTests       : Started SchuettiesHomeApplicationTests in 2.495 seconds (process running for 3.304)
]]></system-out>
  <system-err><![CDATA[WARNING: A Java agent has been loaded dynamically (/Users/krisschaaf/.gradle/caches/modules-2/files-2.1/net.bytebuddy/byte-buddy-agent/1.14.8/ae6ebe485f3bcd0a1e20241488a32e6400a501ef/byte-buddy-agent-1.14.8.jar)
WARNING: If a serviceability tool is in use, please run with -XX:+EnableDynamicAgentLoading to hide this warning
WARNING: If a serviceability tool is not in use, please run with -Djdk.instrument.traceUsage for more information
WARNING: Dynamic loading of agents will be disallowed by default in a future release
]]></system-err>
</testsuite>
