<?xml version="1.0" encoding="UTF-8"?>
<testsuite name="krisschaaf.schuettieshome.SchuettiesHomeApplicationTests" tests="1" skipped="0" failures="0" errors="0" timestamp="2023-11-16T13:37:58" hostname="MacBook-Air-von-Kristoffer.local" time="0.749">
  <properties/>
  <testcase name="contextLoads()" classname="krisschaaf.schuettieshome.SchuettiesHomeApplicationTests" time="0.749"/>
  <system-out><![CDATA[14:37:56.508 [Test worker] INFO org.springframework.test.context.support.AnnotationConfigContextLoaderUtils -- Could not detect default configuration classes for test class [krisschaaf.schuettieshome.SchuettiesHomeApplicationTests]: SchuettiesHomeApplicationTests does not declare any static, non-private, non-final, nested classes annotated with @Configuration.
14:37:56.570 [Test worker] INFO org.springframework.boot.test.context.SpringBootTestContextBootstrapper -- Found @SpringBootConfiguration krisschaaf.schuettieshome.SchuettiesHomeApplication for test class krisschaaf.schuettieshome.SchuettiesHomeApplicationTests

  .   ____          _            __ _ _
 /\\ / ___'_ __ _ _(_)_ __  __ _ \ \ \ \
( ( )\___ | '_ | '_| | '_ \/ _` | \ \ \ \
 \\/  ___)| |_)| | | | | || (_| |  ) ) ) )
  '  |____| .__|_| |_|_| |_\__, | / / / /
 =========|_|==============|___/=/_/_/_/
 :: Spring Boot ::                (v3.1.5)

2023-11-16T14:37:56.813+01:00  INFO 13110 --- [    Test worker] k.s.SchuettiesHomeApplicationTests       : Starting SchuettiesHomeApplicationTests using Java 21 with PID 13110 (started by krisschaaf in /Users/krisschaaf/IdeaProjects/schuetties-home/backend)
2023-11-16T14:37:56.814+01:00  INFO 13110 --- [    Test worker] k.s.SchuettiesHomeApplicationTests       : No active profile set, falling back to 1 default profile: "default"
2023-11-16T14:37:56.836+01:00  WARN 13110 --- [    Test worker] ironmentPostProcessorApplicationListener : Your Okta Issuer URL is missing. You can copy your domain from the Okta Developer Console. Follow these instructions to find it: https://bit.ly/finding-okta-domain
To fix this add the `okta.oauth2.issuer` property to your application environments.
2023-11-16T14:37:57.283+01:00  INFO 13110 --- [    Test worker] .s.d.r.c.RepositoryConfigurationDelegate : Bootstrapping Spring Data MongoDB repositories in DEFAULT mode.
2023-11-16T14:37:57.334+01:00  INFO 13110 --- [    Test worker] .s.d.r.c.RepositoryConfigurationDelegate : Finished Spring Data repository scanning in 48 ms. Found 5 MongoDB repository interfaces.
2023-11-16T14:37:57.617+01:00  INFO 13110 --- [    Test worker] org.mongodb.driver.client                : MongoClient with metadata {"driver": {"name": "mongo-java-driver|sync|spring-boot", "version": "4.9.1"}, "os": {"type": "Darwin", "name": "Mac OS X", "architecture": "aarch64", "version": "13.4.1"}, "platform": "Java/Oracle Corporation/21+35-2513"} created with settings MongoClientSettings{readPreference=primary, writeConcern=WriteConcern{w=null, wTimeout=null ms, journal=null}, retryWrites=true, retryReads=true, readConcern=ReadConcern{level=null}, credential=null, streamFactoryFactory=null, commandListeners=[], codecRegistry=ProvidersCodecRegistry{codecProviders=[ValueCodecProvider{}, BsonValueCodecProvider{}, DBRefCodecProvider{}, DBObjectCodecProvider{}, DocumentCodecProvider{}, CollectionCodecProvider{}, IterableCodecProvider{}, MapCodecProvider{}, GeoJsonCodecProvider{}, GridFSFileCodecProvider{}, Jsr310CodecProvider{}, JsonObjectCodecProvider{}, BsonCodecProvider{}, EnumCodecProvider{}, com.mongodb.client.model.mql.ExpressionCodecProvider@286855ea, com.mongodb.Jep395RecordCodecProvider@64aeaf29]}, loggerSettings=LoggerSettings{maxDocumentLength=1000}, clusterSettings={hosts=[localhost:27017], srvServiceName=mongodb, mode=SINGLE, requiredClusterType=UNKNOWN, requiredReplicaSetName='null', serverSelector='null', clusterListeners='[]', serverSelectionTimeout='30000 ms', localThreshold='30000 ms'}, socketSettings=SocketSettings{connectTimeoutMS=10000, readTimeoutMS=0, receiveBufferSize=0, sendBufferSize=0}, heartbeatSocketSettings=SocketSettings{connectTimeoutMS=10000, readTimeoutMS=10000, receiveBufferSize=0, sendBufferSize=0}, connectionPoolSettings=ConnectionPoolSettings{maxSize=100, minSize=0, maxWaitTimeMS=120000, maxConnectionLifeTimeMS=0, maxConnectionIdleTimeMS=0, maintenanceInitialDelayMS=0, maintenanceFrequencyMS=60000, connectionPoolListeners=[], maxConnecting=2}, serverSettings=ServerSettings{heartbeatFrequencyMS=10000, minHeartbeatFrequencyMS=500, serverListeners='[]', serverMonitorListeners='[]'}, sslSettings=SslSettings{enabled=false, invalidHostNameAllowed=false, context=null}, applicationName='null', compressorList=[], uuidRepresentation=JAVA_LEGACY, serverApi=null, autoEncryptionSettings=null, contextProvider=null}
2023-11-16T14:37:57.637+01:00  INFO 13110 --- [localhost:27017] org.mongodb.driver.cluster               : Monitor thread successfully connected to server with description ServerDescription{address=localhost:27017, type=STANDALONE, state=CONNECTED, ok=true, minWireVersion=0, maxWireVersion=17, maxDocumentSize=16777216, logicalSessionTimeoutMinutes=30, roundTripTimeNanos=16295250}
2023-11-16T14:37:58.547+01:00  INFO 13110 --- [    Test worker] o.s.s.web.DefaultSecurityFilterChain     : Will secure any request with [org.springframework.security.web.session.DisableEncodeUrlFilter@4a944af9, org.springframework.security.web.context.request.async.WebAsyncManagerIntegrationFilter@3593e074, org.springframework.security.web.context.SecurityContextHolderFilter@338a4c61, org.springframework.security.web.header.HeaderWriterFilter@24b3f778, org.springframework.web.filter.CorsFilter@79d14037, org.springframework.security.web.csrf.CsrfFilter@389008d1, org.springframework.security.web.authentication.logout.LogoutFilter@351ede23, org.springframework.security.oauth2.server.resource.web.authentication.BearerTokenAuthenticationFilter@590dea35, org.springframework.security.web.authentication.www.BasicAuthenticationFilter@2b8cf049, krisschaaf.schuettieshome.configuration.SpaWebFilter@6c1e40d9, org.springframework.security.web.savedrequest.RequestCacheAwareFilter@71d99732, org.springframework.security.web.servletapi.SecurityContextHolderAwareRequestFilter@2328ec73, org.springframework.security.web.authentication.AnonymousAuthenticationFilter@4b50c21, org.springframework.security.web.access.ExceptionTranslationFilter@2b6fcca1, org.springframework.security.web.access.intercept.FilterSecurityInterceptor@74431832]
2023-11-16T14:37:58.783+01:00  INFO 13110 --- [    Test worker] o.s.b.a.w.s.WelcomePageHandlerMapping    : Adding welcome page: class path resource [static/index.html]
2023-11-16T14:37:58.937+01:00  INFO 13110 --- [    Test worker] k.s.SchuettiesHomeApplicationTests       : Started SchuettiesHomeApplicationTests in 2.273 seconds (process running for 3.203)
]]></system-out>
  <system-err><![CDATA[WARNING: A Java agent has been loaded dynamically (/Users/krisschaaf/.gradle/caches/modules-2/files-2.1/net.bytebuddy/byte-buddy-agent/1.14.9/dfb8707031008535048bad2b69735f46d0b6c5e5/byte-buddy-agent-1.14.9.jar)
WARNING: If a serviceability tool is in use, please run with -XX:+EnableDynamicAgentLoading to hide this warning
WARNING: If a serviceability tool is not in use, please run with -Djdk.instrument.traceUsage for more information
WARNING: Dynamic loading of agents will be disallowed by default in a future release
]]></system-err>
</testsuite>
