<?xml version="1.0" encoding="UTF-8"?>
<testsuite name="krisschaaf.schuettieshome.SchuettiesHomeApplicationTests" tests="1" skipped="0" failures="0" errors="0" timestamp="2023-10-12T09:40:26" hostname="AirvonKistoffer.fritz.box" time="0.714">
  <properties/>
  <testcase name="contextLoads()" classname="krisschaaf.schuettieshome.SchuettiesHomeApplicationTests" time="0.714"/>
  <system-out><![CDATA[11:40:24.013 [Test worker] INFO org.springframework.test.context.support.AnnotationConfigContextLoaderUtils -- Could not detect default configuration classes for test class [krisschaaf.schuettieshome.SchuettiesHomeApplicationTests]: SchuettiesHomeApplicationTests does not declare any static, non-private, non-final, nested classes annotated with @Configuration.
11:40:24.078 [Test worker] INFO org.springframework.boot.test.context.SpringBootTestContextBootstrapper -- Found @SpringBootConfiguration krisschaaf.schuettieshome.SchuettiesHomeApplication for test class krisschaaf.schuettieshome.SchuettiesHomeApplicationTests

  .   ____          _            __ _ _
 /\\ / ___'_ __ _ _(_)_ __  __ _ \ \ \ \
( ( )\___ | '_ | '_| | '_ \/ _` | \ \ \ \
 \\/  ___)| |_)| | | | | || (_| |  ) ) ) )
  '  |____| .__|_| |_|_| |_\__, | / / / /
 =========|_|==============|___/=/_/_/_/
 :: Spring Boot ::                (v3.1.4)

2023-10-12T11:40:24.310+02:00  INFO 33615 --- [    Test worker] k.s.SchuettiesHomeApplicationTests       : Starting SchuettiesHomeApplicationTests using Java 21 with PID 33615 (started by krisschaaf in /Users/krisschaaf/IdeaProjects/schuetties-home/backend)
2023-10-12T11:40:24.311+02:00  INFO 33615 --- [    Test worker] k.s.SchuettiesHomeApplicationTests       : No active profile set, falling back to 1 default profile: "default"
2023-10-12T11:40:24.770+02:00  INFO 33615 --- [    Test worker] .s.d.r.c.RepositoryConfigurationDelegate : Bootstrapping Spring Data MongoDB repositories in DEFAULT mode.
2023-10-12T11:40:24.830+02:00  INFO 33615 --- [    Test worker] .s.d.r.c.RepositoryConfigurationDelegate : Finished Spring Data repository scanning in 57 ms. Found 4 MongoDB repository interfaces.
2023-10-12T11:40:25.119+02:00  INFO 33615 --- [    Test worker] org.mongodb.driver.client                : MongoClient with metadata {"driver": {"name": "mongo-java-driver|sync|spring-boot", "version": "4.9.1"}, "os": {"type": "Darwin", "name": "Mac OS X", "architecture": "aarch64", "version": "13.4.1"}, "platform": "Java/Oracle Corporation/21+35-2513"} created with settings MongoClientSettings{readPreference=primary, writeConcern=WriteConcern{w=null, wTimeout=null ms, journal=null}, retryWrites=true, retryReads=true, readConcern=ReadConcern{level=null}, credential=null, streamFactoryFactory=null, commandListeners=[], codecRegistry=ProvidersCodecRegistry{codecProviders=[ValueCodecProvider{}, BsonValueCodecProvider{}, DBRefCodecProvider{}, DBObjectCodecProvider{}, DocumentCodecProvider{}, CollectionCodecProvider{}, IterableCodecProvider{}, MapCodecProvider{}, GeoJsonCodecProvider{}, GridFSFileCodecProvider{}, Jsr310CodecProvider{}, JsonObjectCodecProvider{}, BsonCodecProvider{}, EnumCodecProvider{}, com.mongodb.client.model.mql.ExpressionCodecProvider@68ddd415, com.mongodb.Jep395RecordCodecProvider@306c7bf6]}, loggerSettings=LoggerSettings{maxDocumentLength=1000}, clusterSettings={hosts=[localhost:27017], srvServiceName=mongodb, mode=SINGLE, requiredClusterType=UNKNOWN, requiredReplicaSetName='null', serverSelector='null', clusterListeners='[]', serverSelectionTimeout='30000 ms', localThreshold='30000 ms'}, socketSettings=SocketSettings{connectTimeoutMS=10000, readTimeoutMS=0, receiveBufferSize=0, sendBufferSize=0}, heartbeatSocketSettings=SocketSettings{connectTimeoutMS=10000, readTimeoutMS=10000, receiveBufferSize=0, sendBufferSize=0}, connectionPoolSettings=ConnectionPoolSettings{maxSize=100, minSize=0, maxWaitTimeMS=120000, maxConnectionLifeTimeMS=0, maxConnectionIdleTimeMS=0, maintenanceInitialDelayMS=0, maintenanceFrequencyMS=60000, connectionPoolListeners=[], maxConnecting=2}, serverSettings=ServerSettings{heartbeatFrequencyMS=10000, minHeartbeatFrequencyMS=500, serverListeners='[]', serverMonitorListeners='[]'}, sslSettings=SslSettings{enabled=false, invalidHostNameAllowed=false, context=null}, applicationName='null', compressorList=[], uuidRepresentation=JAVA_LEGACY, serverApi=null, autoEncryptionSettings=null, contextProvider=null}
2023-10-12T11:40:25.138+02:00  INFO 33615 --- [localhost:27017] org.mongodb.driver.cluster               : Monitor thread successfully connected to server with description ServerDescription{address=localhost:27017, type=STANDALONE, state=CONNECTED, ok=true, minWireVersion=0, maxWireVersion=17, maxDocumentSize=16777216, logicalSessionTimeoutMinutes=30, roundTripTimeNanos=14520750}
2023-10-12T11:40:26.076+02:00  INFO 33615 --- [    Test worker] o.s.s.web.DefaultSecurityFilterChain     : Will secure any request with [org.springframework.security.web.session.DisableEncodeUrlFilter@40738846, org.springframework.security.web.context.request.async.WebAsyncManagerIntegrationFilter@1255de25, org.springframework.security.web.context.SecurityContextHolderFilter@2b2b7e3c, org.springframework.security.web.header.HeaderWriterFilter@1a01ffff, org.springframework.web.filter.CorsFilter@1686ed85, org.springframework.security.web.csrf.CsrfFilter@1328f482, org.springframework.security.web.authentication.logout.LogoutFilter@6febec41, org.springframework.security.oauth2.server.resource.web.authentication.BearerTokenAuthenticationFilter@4c41a177, org.springframework.security.web.authentication.www.BasicAuthenticationFilter@38e7860c, krisschaaf.schuettieshome.configuration.SpaWebFilter@5891b7c5, org.springframework.security.web.savedrequest.RequestCacheAwareFilter@7a3c99f1, org.springframework.security.web.servletapi.SecurityContextHolderAwareRequestFilter@16b7e04a, org.springframework.security.web.authentication.AnonymousAuthenticationFilter@4fc3529, org.springframework.security.web.access.ExceptionTranslationFilter@a55e82a, org.springframework.security.web.access.intercept.FilterSecurityInterceptor@3cead673]
2023-10-12T11:40:26.226+02:00  INFO 33615 --- [    Test worker] o.s.b.a.w.s.WelcomePageHandlerMapping    : Adding welcome page: class path resource [static/index.html]
2023-10-12T11:40:26.339+02:00  INFO 33615 --- [    Test worker] k.s.SchuettiesHomeApplicationTests       : Started SchuettiesHomeApplicationTests in 2.168 seconds (process running for 3.12)
]]></system-out>
  <system-err><![CDATA[WARNING: A Java agent has been loaded dynamically (/Users/krisschaaf/.gradle/caches/modules-2/files-2.1/net.bytebuddy/byte-buddy-agent/1.14.8/ae6ebe485f3bcd0a1e20241488a32e6400a501ef/byte-buddy-agent-1.14.8.jar)
WARNING: If a serviceability tool is in use, please run with -XX:+EnableDynamicAgentLoading to hide this warning
WARNING: If a serviceability tool is not in use, please run with -Djdk.instrument.traceUsage for more information
WARNING: Dynamic loading of agents will be disallowed by default in a future release
]]></system-err>
</testsuite>
