<?xml version="1.0" encoding="UTF-8"?>
<testsuite name="krisschaaf.schuettieshome.SchuettiesHomeApplicationTests" tests="1" skipped="0" failures="0" errors="0" timestamp="2023-10-16T18:37:12" hostname="AirvonKistoffer.fritz.box" time="0.607">
  <properties/>
  <testcase name="contextLoads()" classname="krisschaaf.schuettieshome.SchuettiesHomeApplicationTests" time="0.607"/>
  <system-out><![CDATA[20:37:09.474 [Test worker] INFO org.springframework.test.context.support.AnnotationConfigContextLoaderUtils -- Could not detect default configuration classes for test class [krisschaaf.schuettieshome.SchuettiesHomeApplicationTests]: SchuettiesHomeApplicationTests does not declare any static, non-private, non-final, nested classes annotated with @Configuration.
20:37:09.542 [Test worker] INFO org.springframework.boot.test.context.SpringBootTestContextBootstrapper -- Found @SpringBootConfiguration krisschaaf.schuettieshome.SchuettiesHomeApplication for test class krisschaaf.schuettieshome.SchuettiesHomeApplicationTests

  .   ____          _            __ _ _
 /\\ / ___'_ __ _ _(_)_ __  __ _ \ \ \ \
( ( )\___ | '_ | '_| | '_ \/ _` | \ \ \ \
 \\/  ___)| |_)| | | | | || (_| |  ) ) ) )
  '  |____| .__|_| |_|_| |_\__, | / / / /
 =========|_|==============|___/=/_/_/_/
 :: Spring Boot ::                (v3.1.4)

2023-10-16T20:37:09.776+02:00  INFO 25160 --- [    Test worker] k.s.SchuettiesHomeApplicationTests       : Starting SchuettiesHomeApplicationTests using Java 21 with PID 25160 (started by krisschaaf in /Users/krisschaaf/IdeaProjects/schuetties-home/backend)
2023-10-16T20:37:09.777+02:00  INFO 25160 --- [    Test worker] k.s.SchuettiesHomeApplicationTests       : No active profile set, falling back to 1 default profile: "default"
2023-10-16T20:37:10.176+02:00  INFO 25160 --- [    Test worker] .s.d.r.c.RepositoryConfigurationDelegate : Bootstrapping Spring Data MongoDB repositories in DEFAULT mode.
2023-10-16T20:37:10.227+02:00  INFO 25160 --- [    Test worker] .s.d.r.c.RepositoryConfigurationDelegate : Finished Spring Data repository scanning in 48 ms. Found 4 MongoDB repository interfaces.
2023-10-16T20:37:10.491+02:00  INFO 25160 --- [    Test worker] org.mongodb.driver.client                : MongoClient with metadata {"driver": {"name": "mongo-java-driver|sync|spring-boot", "version": "4.9.1"}, "os": {"type": "Darwin", "name": "Mac OS X", "architecture": "aarch64", "version": "13.4.1"}, "platform": "Java/Oracle Corporation/21+35-2513"} created with settings MongoClientSettings{readPreference=primary, writeConcern=WriteConcern{w=null, wTimeout=null ms, journal=null}, retryWrites=true, retryReads=true, readConcern=ReadConcern{level=null}, credential=null, streamFactoryFactory=null, commandListeners=[], codecRegistry=ProvidersCodecRegistry{codecProviders=[ValueCodecProvider{}, BsonValueCodecProvider{}, DBRefCodecProvider{}, DBObjectCodecProvider{}, DocumentCodecProvider{}, CollectionCodecProvider{}, IterableCodecProvider{}, MapCodecProvider{}, GeoJsonCodecProvider{}, GridFSFileCodecProvider{}, Jsr310CodecProvider{}, JsonObjectCodecProvider{}, BsonCodecProvider{}, EnumCodecProvider{}, com.mongodb.client.model.mql.ExpressionCodecProvider@40709f9, com.mongodb.Jep395RecordCodecProvider@6b1b19cf]}, loggerSettings=LoggerSettings{maxDocumentLength=1000}, clusterSettings={hosts=[localhost:27017], srvServiceName=mongodb, mode=SINGLE, requiredClusterType=UNKNOWN, requiredReplicaSetName='null', serverSelector='null', clusterListeners='[]', serverSelectionTimeout='30000 ms', localThreshold='30000 ms'}, socketSettings=SocketSettings{connectTimeoutMS=10000, readTimeoutMS=0, receiveBufferSize=0, sendBufferSize=0}, heartbeatSocketSettings=SocketSettings{connectTimeoutMS=10000, readTimeoutMS=10000, receiveBufferSize=0, sendBufferSize=0}, connectionPoolSettings=ConnectionPoolSettings{maxSize=100, minSize=0, maxWaitTimeMS=120000, maxConnectionLifeTimeMS=0, maxConnectionIdleTimeMS=0, maintenanceInitialDelayMS=0, maintenanceFrequencyMS=60000, connectionPoolListeners=[], maxConnecting=2}, serverSettings=ServerSettings{heartbeatFrequencyMS=10000, minHeartbeatFrequencyMS=500, serverListeners='[]', serverMonitorListeners='[]'}, sslSettings=SslSettings{enabled=false, invalidHostNameAllowed=false, context=null}, applicationName='null', compressorList=[], uuidRepresentation=JAVA_LEGACY, serverApi=null, autoEncryptionSettings=null, contextProvider=null}
2023-10-16T20:37:10.495+02:00  INFO 25160 --- [localhost:27017] org.mongodb.driver.cluster               : Exception in monitor thread while connecting to server localhost:27017

com.mongodb.MongoSocketOpenException: Exception opening socket
	at com.mongodb.internal.connection.SocketStream.open(SocketStream.java:73) ~[mongodb-driver-core-4.9.1.jar:na]
	at com.mongodb.internal.connection.InternalStreamConnection.open(InternalStreamConnection.java:204) ~[mongodb-driver-core-4.9.1.jar:na]
	at com.mongodb.internal.connection.DefaultServerMonitor$ServerMonitorRunnable.lookupServerDescription(DefaultServerMonitor.java:199) ~[mongodb-driver-core-4.9.1.jar:na]
	at com.mongodb.internal.connection.DefaultServerMonitor$ServerMonitorRunnable.run(DefaultServerMonitor.java:159) ~[mongodb-driver-core-4.9.1.jar:na]
	at java.base/java.lang.Thread.run(Thread.java:1583) ~[na:na]
Caused by: java.net.ConnectException: Connection refused
	at java.base/sun.nio.ch.Net.pollConnect(Native Method) ~[na:na]
	at java.base/sun.nio.ch.Net.pollConnectNow(Net.java:682) ~[na:na]
	at java.base/sun.nio.ch.NioSocketImpl.timedFinishConnect(NioSocketImpl.java:549) ~[na:na]
	at java.base/sun.nio.ch.NioSocketImpl.connect(NioSocketImpl.java:592) ~[na:na]
	at java.base/java.net.SocksSocketImpl.connect(SocksSocketImpl.java:327) ~[na:na]
	at java.base/java.net.Socket.connect(Socket.java:751) ~[na:na]
	at com.mongodb.internal.connection.SocketStreamHelper.initialize(SocketStreamHelper.java:107) ~[mongodb-driver-core-4.9.1.jar:na]
	at com.mongodb.internal.connection.SocketStream.initializeSocket(SocketStream.java:82) ~[mongodb-driver-core-4.9.1.jar:na]
	at com.mongodb.internal.connection.SocketStream.open(SocketStream.java:68) ~[mongodb-driver-core-4.9.1.jar:na]
	... 4 common frames omitted

2023-10-16T20:37:11.906+02:00  INFO 25160 --- [    Test worker] o.s.s.web.DefaultSecurityFilterChain     : Will secure any request with [org.springframework.security.web.session.DisableEncodeUrlFilter@71d99732, org.springframework.security.web.context.request.async.WebAsyncManagerIntegrationFilter@2328ec73, org.springframework.security.web.context.SecurityContextHolderFilter@20231384, org.springframework.security.web.header.HeaderWriterFilter@732d078d, org.springframework.web.filter.CorsFilter@42a05533, org.springframework.security.web.csrf.CsrfFilter@48d5ca17, org.springframework.security.web.authentication.logout.LogoutFilter@56881196, org.springframework.security.oauth2.server.resource.web.authentication.BearerTokenAuthenticationFilter@3e6acec2, org.springframework.security.web.authentication.www.BasicAuthenticationFilter@338a4c61, krisschaaf.schuettieshome.configuration.SpaWebFilter@17053b5, org.springframework.security.web.savedrequest.RequestCacheAwareFilter@35becbd4, org.springframework.security.web.servletapi.SecurityContextHolderAwareRequestFilter@3bcc8f13, org.springframework.security.web.authentication.AnonymousAuthenticationFilter@3cad24ae, org.springframework.security.web.access.ExceptionTranslationFilter@495da9a7, org.springframework.security.web.access.intercept.FilterSecurityInterceptor@cf08c97]
2023-10-16T20:37:12.075+02:00  INFO 25160 --- [    Test worker] o.s.b.a.w.s.WelcomePageHandlerMapping    : Adding welcome page: class path resource [static/index.html]
2023-10-16T20:37:12.187+02:00  INFO 25160 --- [    Test worker] k.s.SchuettiesHomeApplicationTests       : Started SchuettiesHomeApplicationTests in 2.541 seconds (process running for 3.41)
]]></system-out>
  <system-err><![CDATA[WARNING: A Java agent has been loaded dynamically (/Users/krisschaaf/.gradle/caches/modules-2/files-2.1/net.bytebuddy/byte-buddy-agent/1.14.8/ae6ebe485f3bcd0a1e20241488a32e6400a501ef/byte-buddy-agent-1.14.8.jar)
WARNING: If a serviceability tool is in use, please run with -XX:+EnableDynamicAgentLoading to hide this warning
WARNING: If a serviceability tool is not in use, please run with -Djdk.instrument.traceUsage for more information
WARNING: Dynamic loading of agents will be disallowed by default in a future release
]]></system-err>
</testsuite>
